==55560== Memcheck, a memory error detector
==55560== Copyright (C) 2002-2015, and GNU GPL'd, by Julian Seward et al.
==55560== Using Valgrind-3.11.0 and LibVEX; rerun with -h for copyright info
==55560== Command: ./mem_check
==55560== Parent PID: 49790
==55560== 
--55560-- 
--55560-- Valgrind options:
--55560--    --log-file=./valgrind_report.log
--55560--    --tool=memcheck
--55560--    -v
--55560--    --leak-check=full
--55560-- Contents of /proc/version:
--55560--   Linux version 4.15.0-142-generic (buildd@lgw01-amd64-039) (gcc version 5.4.0 20160609 (Ubuntu 5.4.0-6ubuntu1~16.04.12)) #146~16.04.1-Ubuntu SMP Tue Apr 13 09:27:15 UTC 2021
--55560-- 
--55560-- Arch and hwcaps: AMD64, LittleEndian, amd64-cx16-lzcnt-rdtscp-sse3-avx-avx2-bmi
--55560-- Page sizes: currently 4096, max supported 4096
--55560-- Valgrind library directory: /usr/lib/valgrind
--55560-- Reading syms from /home/liyu/Desktop/SANGFOR/fengyu/employee_manager/build/test/mem_check/mem_check
--55560-- Reading syms from /lib/x86_64-linux-gnu/ld-2.23.so
--55560--   Considering /lib/x86_64-linux-gnu/ld-2.23.so ..
--55560--   .. CRC mismatch (computed ceb73aaf wanted 8cb7c5ee)
--55560--   Considering /usr/lib/debug/lib/x86_64-linux-gnu/ld-2.23.so ..
--55560--   .. CRC is valid
--55560-- Reading syms from /usr/lib/valgrind/memcheck-amd64-linux
--55560--   Considering /usr/lib/valgrind/memcheck-amd64-linux ..
--55560--   .. CRC mismatch (computed eea41ea9 wanted 2009db78)
--55560--    object doesn't have a symbol table
--55560--    object doesn't have a dynamic symbol table
--55560-- Scheduler: using generic scheduler lock implementation.
--55560-- Reading suppressions file: /usr/lib/valgrind/default.supp
==55560== embedded gdbserver: reading from /tmp/vgdb-pipe-from-vgdb-to-55560-by-liyu-on-???
==55560== embedded gdbserver: writing to   /tmp/vgdb-pipe-to-vgdb-from-55560-by-liyu-on-???
==55560== embedded gdbserver: shared mem   /tmp/vgdb-pipe-shared-mem-vgdb-55560-by-liyu-on-???
==55560== 
==55560== TO CONTROL THIS PROCESS USING vgdb (which you probably
==55560== don't want to do, unless you know exactly what you're doing,
==55560== or are doing some strange experiment):
==55560==   /usr/lib/valgrind/../../bin/vgdb --pid=55560 ...command...
==55560== 
==55560== TO DEBUG THIS PROCESS USING GDB: start GDB like this
==55560==   /path/to/gdb ./mem_check
==55560== and then give GDB the following command
==55560==   target remote | /usr/lib/valgrind/../../bin/vgdb --pid=55560
==55560== --pid is optional if only one valgrind process is running
==55560== 
--55560-- REDIR: 0x401cf40 (ld-linux-x86-64.so.2:strlen) redirected to 0x3809e181 (???)
--55560-- Reading syms from /usr/lib/valgrind/vgpreload_core-amd64-linux.so
--55560--   Considering /usr/lib/valgrind/vgpreload_core-amd64-linux.so ..
--55560--   .. CRC mismatch (computed 2567ccf6 wanted 49420590)
--55560--    object doesn't have a symbol table
--55560-- Reading syms from /usr/lib/valgrind/vgpreload_memcheck-amd64-linux.so
--55560--   Considering /usr/lib/valgrind/vgpreload_memcheck-amd64-linux.so ..
--55560--   .. CRC mismatch (computed 0e27c9a8 wanted ac585421)
--55560--    object doesn't have a symbol table
==55560== WARNING: new redirection conflicts with existing -- ignoring it
--55560--     old: 0x0401cf40 (strlen              ) R-> (0000.0) 0x3809e181 ???
--55560--     new: 0x0401cf40 (strlen              ) R-> (2007.0) 0x04c31020 strlen
--55560-- REDIR: 0x401b890 (ld-linux-x86-64.so.2:index) redirected to 0x4c30bc0 (index)
--55560-- REDIR: 0x401bab0 (ld-linux-x86-64.so.2:strcmp) redirected to 0x4c320d0 (strcmp)
--55560-- REDIR: 0x401dca0 (ld-linux-x86-64.so.2:mempcpy) redirected to 0x4c35270 (mempcpy)
--55560-- Reading syms from /lib/x86_64-linux-gnu/libc-2.23.so
--55560--   Considering /lib/x86_64-linux-gnu/libc-2.23.so ..
--55560--   .. CRC mismatch (computed 2c57cb29 wanted 6e6a411e)
--55560--   Considering /usr/lib/debug/lib/x86_64-linux-gnu/libc-2.23.so ..
--55560--   .. CRC is valid
--55560-- REDIR: 0x4ec9a80 (libc.so.6:strcasecmp) redirected to 0x4a286f0 (_vgnU_ifunc_wrapper)
--55560-- REDIR: 0x4ec5300 (libc.so.6:strcspn) redirected to 0x4a286f0 (_vgnU_ifunc_wrapper)
--55560-- REDIR: 0x4ecbd70 (libc.so.6:strncasecmp) redirected to 0x4a286f0 (_vgnU_ifunc_wrapper)
--55560-- REDIR: 0x4ec7770 (libc.so.6:strpbrk) redirected to 0x4a286f0 (_vgnU_ifunc_wrapper)
--55560-- REDIR: 0x4ec7b00 (libc.so.6:strspn) redirected to 0x4a286f0 (_vgnU_ifunc_wrapper)
--55560-- REDIR: 0x4ec91cb (libc.so.6:memcpy@GLIBC_2.2.5) redirected to 0x4a286f0 (_vgnU_ifunc_wrapper)
--55560-- REDIR: 0x4ec7480 (libc.so.6:rindex) redirected to 0x4c308a0 (rindex)
--55560-- REDIR: 0x4ed07e0 (libc.so.6:strchrnul) redirected to 0x4c34da0 (strchrnul)
--55560-- REDIR: 0x4ebe180 (libc.so.6:malloc) redirected to 0x4c2db20 (malloc)
--55560-- REDIR: 0x4ec9430 (libc.so.6:__GI_mempcpy) redirected to 0x4c34fa0 (__GI_mempcpy)
--55560-- REDIR: 0x4ec9230 (libc.so.6:memset) redirected to 0x4a286f0 (_vgnU_ifunc_wrapper)
--55560-- REDIR: 0x4faca70 (libc.so.6:__memset_avx2) redirected to 0x4c344c0 (memset)
--55560-- REDIR: 0x4ec57a0 (libc.so.6:strlen) redirected to 0x4c30f60 (strlen)
--55560-- REDIR: 0x4ec7440 (libc.so.6:strncpy) redirected to 0x4a286f0 (_vgnU_ifunc_wrapper)
--55560-- REDIR: 0x4ee0080 (libc.so.6:__strncpy_sse2_unaligned) redirected to 0x4c31570 (__strncpy_sse2_unaligned)
--55560-- REDIR: 0x4ec5ba0 (libc.so.6:strncmp) redirected to 0x4a286f0 (_vgnU_ifunc_wrapper)
--55560-- REDIR: 0x4f7fb90 (libc.so.6:__strncmp_sse42) redirected to 0x4c317f0 (__strncmp_sse42)
--55560-- REDIR: 0x4ec3b30 (libc.so.6:__GI_strchr) redirected to 0x4c30a00 (__GI_strchr)
--55560-- REDIR: 0x4ebe540 (libc.so.6:free) redirected to 0x4c2ed80 (free)
--55560-- REDIR: 0x4ece4f0 (libc.so.6:__GI_memcpy) redirected to 0x4c32b00 (__GI_memcpy)
--55560-- REDIR: 0x4ec80e0 (libc.so.6:__GI_strstr) redirected to 0x4c354d0 (__strstr_sse2)
--55560-- REDIR: 0x4ec8c70 (libc.so.6:__GI_memcmp) redirected to 0x4c33b90 (__GI_memcmp)
==55560== 
==55560== HEAP SUMMARY:
==55560==     in use at exit: 0 bytes in 0 blocks
==55560==   total heap usage: 92 allocs, 92 frees, 126,598 bytes allocated
==55560== 
==55560== All heap blocks were freed -- no leaks are possible
==55560== 
==55560== ERROR SUMMARY: 0 errors from 0 contexts (suppressed: 0 from 0)
==55560== ERROR SUMMARY: 0 errors from 0 contexts (suppressed: 0 from 0)
